<?xml version="1.0" encoding="UTF-8"?>
<testng-results skipped="0" failed="0" ignored="0" total="1" passed="1">
  <reporter-output>
  </reporter-output>
  <suite name="Default suite" duration-ms="63413" started-at="2019-03-01T18:31:02Z" finished-at="2019-03-01T18:32:06Z">
    <groups>
    </groups>
    <test name="Default test" duration-ms="63413" started-at="2019-03-01T18:31:02Z" finished-at="2019-03-01T18:32:06Z">
      <class name="com.secondMaven.com.secondMaven.TestJenkins">
        <test-method status="PASS" signature="launch()[pri:0, instance:com.secondMaven.com.secondMaven.TestJenkins@548a9f61]" name="launch" duration-ms="63379" started-at="2019-03-02T00:01:02Z" finished-at="2019-03-02T00:02:06Z">
          <reporter-output>
          </reporter-output>
        </test-method> <!-- launch -->
      </class> <!-- com.secondMaven.com.secondMaven.TestJenkins -->
    </test> <!-- Default test -->
  </suite> <!-- Default suite -->
</testng-results>
